<?xml version="1.0" encoding="UTF-8"?>
<Site BuildName="(empty)"
	BuildStamp="20230616-0907-Experimental"
	Name="idangrady"
	Generator="ctest-3.16.3"
	CompilerName="/usr/bin/c++"
	CompilerVersion="9.4.0"
	OSName="Linux"
	Hostname="idangrady"
	OSRelease="5.15.0-73-generic"
	OSVersion="#80~20.04.1-Ubuntu SMP Wed May 17 14:58:14 UTC 2023"
	OSPlatform="x86_64"
	Is64Bits="1"
	VendorString="GenuineIntel"
	VendorID="Intel Corporation"
	FamilyID="6"
	ModelID="142"
	ProcessorCacheSize="6144"
	NumberOfLogicalCPU="8"
	NumberOfPhysicalCPU="4"
	TotalVirtualMemory="2047"
	TotalPhysicalMemory="15887"
	LogicalProcessorsPerPhysical="2"
	ProcessorClockFrequency="1800"
	>
	<Testing>
		<StartDateTime>Jun 16 11:07 CEST</StartDateTime>
		<StartTestTime>1686906443</StartTestTime>
		<TestList/>
		<EndDateTime>Jun 16 11:07 CEST</EndDateTime>
		<EndTestTime>1686906443</EndTestTime>
		<ElapsedMinutes>0</ElapsedMinutes>
	</Testing>
</Site>
